2021-10-31 19:36:40.350  INFO 1236 --- [main] SpringBootCoreDataJpaMvcRest1Application : Starting TimesheetSpringBootCoreDataJpaMvcRest1Application on DESKTOP-CB7LIOS with PID 1236 (C:\Products\sts-bundle\sts-3.8.4.RELEASE\Timesheet-spring-boot-core-data-jpa-mvc-REST-1\target\classes started by HP in C:\Products\sts-bundle\sts-3.8.4.RELEASE\Timesheet-spring-boot-core-data-jpa-mvc-REST-1)
2021-10-31 19:36:40.366  INFO 1236 --- [main] SpringBootCoreDataJpaMvcRest1Application : No active profile set, falling back to default profiles: default
2021-10-31 19:36:42.163  INFO 1236 --- [main] .s.d.r.c.RepositoryConfigurationDelegate : Bootstrapping Spring Data repositories in DEFAULT mode.
2021-10-31 19:36:42.334  INFO 1236 --- [main] .s.d.r.c.RepositoryConfigurationDelegate : Finished Spring Data repository scanning in 156ms. Found 6 repository interfaces.
2021-10-31 19:36:42.959  INFO 1236 --- [main] trationDelegate$BeanPostProcessorChecker : Bean 'org.springframework.transaction.annotation.ProxyTransactionManagementConfiguration' of type [org.springframework.transaction.annotation.ProxyTransactionManagementConfiguration$$EnhancerBySpringCGLIB$$edcea813] is not eligible for getting processed by all BeanPostProcessors (for example: not eligible for auto-proxying)
2021-10-31 19:36:43.459  INFO 1236 --- [main] o.s.b.w.embedded.tomcat.TomcatWebServer  : Tomcat initialized with port(s): 8081 (http)
2021-10-31 19:36:43.489  INFO 1236 --- [main] o.apache.catalina.core.StandardService   : Starting service [Tomcat]
2021-10-31 19:36:43.504  INFO 1236 --- [main] org.apache.catalina.core.StandardEngine  : Starting Servlet engine: [Apache Tomcat/9.0.17]
2021-10-31 19:36:43.803  INFO 1236 --- [main] o.a.c.c.C.[.[localhost].[/SpringMVC]     : Initializing Spring embedded WebApplicationContext
2021-10-31 19:36:43.803  INFO 1236 --- [main] o.s.web.context.ContextLoader            : Root WebApplicationContext: initialization completed in 3312 ms
2021-10-31 19:36:44.225  INFO 1236 --- [main] com.zaxxer.hikari.HikariDataSource       : HikariPool-1 - Starting...
2021-10-31 19:36:44.428  INFO 1236 --- [main] com.zaxxer.hikari.HikariDataSource       : HikariPool-1 - Start completed.
2021-10-31 19:36:44.506  INFO 1236 --- [main] o.hibernate.jpa.internal.util.LogHelper  : HHH000204: Processing PersistenceUnitInfo [
	name: default
	...]
2021-10-31 19:36:44.640  INFO 1236 --- [main] org.hibernate.Version                    : HHH000412: Hibernate Core {5.3.9.Final}
2021-10-31 19:36:44.640  INFO 1236 --- [main] org.hibernate.cfg.Environment            : HHH000206: hibernate.properties not found
2021-10-31 19:36:44.890  INFO 1236 --- [main] o.hibernate.annotations.common.Version   : HCANN000001: Hibernate Commons Annotations {5.0.4.Final}
2021-10-31 19:36:45.125  INFO 1236 --- [main] org.hibernate.dialect.Dialect            : HHH000400: Using dialect: org.hibernate.dialect.MySQL5Dialect
2021-10-31 19:36:46.526  INFO 1236 --- [main] j.LocalContainerEntityManagerFactoryBean : Initialized JPA EntityManagerFactory for persistence unit 'default'
2021-10-31 19:36:47.089  INFO 1236 --- [main] o.h.h.i.QueryTranslatorFactoryInitiator  : HHH000397: Using ASTQueryTranslatorFactory
2021-10-31 19:36:48.024  INFO 1236 --- [main] o.s.s.concurrent.ThreadPoolTaskExecutor  : Initializing ExecutorService 'applicationTaskExecutor'
2021-10-31 19:36:48.117  WARN 1236 --- [main] aWebConfiguration$JpaWebMvcConfiguration : spring.jpa.open-in-view is enabled by default. Therefore, database queries may be performed during view rendering. Explicitly configure spring.jpa.open-in-view to disable this warning
2021-10-31 19:36:48.429 ERROR 1236 --- [main] org.apache.catalina.util.LifecycleBase   : Failed to start component [Connector[HTTP/1.1-8081]]

org.apache.catalina.LifecycleException: Protocol handler start failed
	at org.apache.catalina.connector.Connector.startInternal(Connector.java:1008) ~[tomcat-embed-core-9.0.17.jar:9.0.17]
	at org.apache.catalina.util.LifecycleBase.start(LifecycleBase.java:183) ~[tomcat-embed-core-9.0.17.jar:9.0.17]
	at org.apache.catalina.core.StandardService.addConnector(StandardService.java:226) [tomcat-embed-core-9.0.17.jar:9.0.17]
	at org.springframework.boot.web.embedded.tomcat.TomcatWebServer.addPreviouslyRemovedConnectors(TomcatWebServer.java:259) [spring-boot-2.1.4.RELEASE.jar:2.1.4.RELEASE]
	at org.springframework.boot.web.embedded.tomcat.TomcatWebServer.start(TomcatWebServer.java:197) [spring-boot-2.1.4.RELEASE.jar:2.1.4.RELEASE]
	at org.springframework.boot.web.servlet.context.ServletWebServerApplicationContext.startWebServer(ServletWebServerApplicationContext.java:311) [spring-boot-2.1.4.RELEASE.jar:2.1.4.RELEASE]
	at org.springframework.boot.web.servlet.context.ServletWebServerApplicationContext.finishRefresh(ServletWebServerApplicationContext.java:164) [spring-boot-2.1.4.RELEASE.jar:2.1.4.RELEASE]
	at org.springframework.context.support.AbstractApplicationContext.refresh(AbstractApplicationContext.java:552) [spring-context-5.1.6.RELEASE.jar:5.1.6.RELEASE]
	at org.springframework.boot.web.servlet.context.ServletWebServerApplicationContext.refresh(ServletWebServerApplicationContext.java:142) [spring-boot-2.1.4.RELEASE.jar:2.1.4.RELEASE]
	at org.springframework.boot.SpringApplication.refresh(SpringApplication.java:775) [spring-boot-2.1.4.RELEASE.jar:2.1.4.RELEASE]
	at org.springframework.boot.SpringApplication.refreshContext(SpringApplication.java:397) [spring-boot-2.1.4.RELEASE.jar:2.1.4.RELEASE]
	at org.springframework.boot.SpringApplication.run(SpringApplication.java:316) [spring-boot-2.1.4.RELEASE.jar:2.1.4.RELEASE]
	at org.springframework.boot.SpringApplication.run(SpringApplication.java:1260) [spring-boot-2.1.4.RELEASE.jar:2.1.4.RELEASE]
	at org.springframework.boot.SpringApplication.run(SpringApplication.java:1248) [spring-boot-2.1.4.RELEASE.jar:2.1.4.RELEASE]
	at tn.esprit.spring.TimesheetSpringBootCoreDataJpaMvcRest1Application.main(TimesheetSpringBootCoreDataJpaMvcRest1Application.java:10) [classes/:na]
Caused by: java.net.BindException: Address already in use: bind
	at sun.nio.ch.Net.bind0(Native Method) ~[na:1.8.0_60]
	at sun.nio.ch.Net.bind(Net.java:433) ~[na:1.8.0_60]
	at sun.nio.ch.Net.bind(Net.java:425) ~[na:1.8.0_60]
	at sun.nio.ch.ServerSocketChannelImpl.bind(ServerSocketChannelImpl.java:223) ~[na:1.8.0_60]
	at sun.nio.ch.ServerSocketAdaptor.bind(ServerSocketAdaptor.java:74) ~[na:1.8.0_60]
	at org.apache.tomcat.util.net.NioEndpoint.initServerSocket(NioEndpoint.java:236) ~[tomcat-embed-core-9.0.17.jar:9.0.17]
	at org.apache.tomcat.util.net.NioEndpoint.bind(NioEndpoint.java:210) ~[tomcat-embed-core-9.0.17.jar:9.0.17]
	at org.apache.tomcat.util.net.AbstractEndpoint.bindWithCleanup(AbstractEndpoint.java:1103) ~[tomcat-embed-core-9.0.17.jar:9.0.17]
	at org.apache.tomcat.util.net.AbstractEndpoint.start(AbstractEndpoint.java:1189) ~[tomcat-embed-core-9.0.17.jar:9.0.17]
	at org.apache.coyote.AbstractProtocol.start(AbstractProtocol.java:568) ~[tomcat-embed-core-9.0.17.jar:9.0.17]
	at org.apache.catalina.connector.Connector.startInternal(Connector.java:1005) ~[tomcat-embed-core-9.0.17.jar:9.0.17]
	... 14 common frames omitted

2021-10-31 19:36:48.445  INFO 1236 --- [main] o.apache.catalina.core.StandardService   : Stopping service [Tomcat]
2021-10-31 19:36:48.461  INFO 1236 --- [main] ConditionEvaluationReportLoggingListener : 

Error starting ApplicationContext. To display the conditions report re-run your application with 'debug' enabled.
2021-10-31 19:36:48.461 ERROR 1236 --- [main] o.s.b.d.LoggingFailureAnalysisReporter   : 

***************************
APPLICATION FAILED TO START
***************************

Description:

The Tomcat connector configured to listen on port 8081 failed to start. The port may already be in use or the connector may be misconfigured.

Action:

Verify the connector's configuration, identify and stop any process that's listening on port 8081, or configure this application to listen on another port.

2021-10-31 19:36:48.461  INFO 1236 --- [main] o.s.s.concurrent.ThreadPoolTaskExecutor  : Shutting down ExecutorService 'applicationTaskExecutor'
2021-10-31 19:36:48.461  INFO 1236 --- [main] j.LocalContainerEntityManagerFactoryBean : Closing JPA EntityManagerFactory for persistence unit 'default'
2021-10-31 19:36:48.476  INFO 1236 --- [main] com.zaxxer.hikari.HikariDataSource       : HikariPool-1 - Shutdown initiated...
2021-10-31 19:36:48.492  INFO 1236 --- [main] com.zaxxer.hikari.HikariDataSource       : HikariPool-1 - Shutdown completed.
2021-10-31 19:37:44.549  INFO 15228 --- [main] SpringBootCoreDataJpaMvcRest1Application : Starting TimesheetSpringBootCoreDataJpaMvcRest1Application on DESKTOP-CB7LIOS with PID 15228 (C:\Products\sts-bundle\sts-3.8.4.RELEASE\Timesheet-spring-boot-core-data-jpa-mvc-REST-1\target\classes started by HP in C:\Products\sts-bundle\sts-3.8.4.RELEASE\Timesheet-spring-boot-core-data-jpa-mvc-REST-1)
2021-10-31 19:37:44.565  INFO 15228 --- [main] SpringBootCoreDataJpaMvcRest1Application : No active profile set, falling back to default profiles: default
2021-10-31 19:37:45.679  INFO 15228 --- [main] .s.d.r.c.RepositoryConfigurationDelegate : Bootstrapping Spring Data repositories in DEFAULT mode.
2021-10-31 19:37:45.810  INFO 15228 --- [main] .s.d.r.c.RepositoryConfigurationDelegate : Finished Spring Data repository scanning in 125ms. Found 6 repository interfaces.
2021-10-31 19:37:46.357  INFO 15228 --- [main] trationDelegate$BeanPostProcessorChecker : Bean 'org.springframework.transaction.annotation.ProxyTransactionManagementConfiguration' of type [org.springframework.transaction.annotation.ProxyTransactionManagementConfiguration$$EnhancerBySpringCGLIB$$7ab8d897] is not eligible for getting processed by all BeanPostProcessors (for example: not eligible for auto-proxying)
2021-10-31 19:37:46.857  INFO 15228 --- [main] o.s.b.w.embedded.tomcat.TomcatWebServer  : Tomcat initialized with port(s): 8083 (http)
2021-10-31 19:37:46.893  INFO 15228 --- [main] o.apache.catalina.core.StandardService   : Starting service [Tomcat]
2021-10-31 19:37:46.893  INFO 15228 --- [main] org.apache.catalina.core.StandardEngine  : Starting Servlet engine: [Apache Tomcat/9.0.17]
2021-10-31 19:37:47.158  INFO 15228 --- [main] o.a.c.c.C.[.[localhost].[/SpringMVC]     : Initializing Spring embedded WebApplicationContext
2021-10-31 19:37:47.158  INFO 15228 --- [main] o.s.web.context.ContextLoader            : Root WebApplicationContext: initialization completed in 2500 ms
2021-10-31 19:37:47.423  INFO 15228 --- [main] com.zaxxer.hikari.HikariDataSource       : HikariPool-1 - Starting...
2021-10-31 19:37:47.627  INFO 15228 --- [main] com.zaxxer.hikari.HikariDataSource       : HikariPool-1 - Start completed.
2021-10-31 19:37:47.705  INFO 15228 --- [main] o.hibernate.jpa.internal.util.LogHelper  : HHH000204: Processing PersistenceUnitInfo [
	name: default
	...]
2021-10-31 19:37:47.845  INFO 15228 --- [main] org.hibernate.Version                    : HHH000412: Hibernate Core {5.3.9.Final}
2021-10-31 19:37:47.845  INFO 15228 --- [main] org.hibernate.cfg.Environment            : HHH000206: hibernate.properties not found
2021-10-31 19:37:48.095  INFO 15228 --- [main] o.hibernate.annotations.common.Version   : HCANN000001: Hibernate Commons Annotations {5.0.4.Final}
2021-10-31 19:37:48.297  INFO 15228 --- [main] org.hibernate.dialect.Dialect            : HHH000400: Using dialect: org.hibernate.dialect.MySQL5Dialect
2021-10-31 19:37:49.469  INFO 15228 --- [main] j.LocalContainerEntityManagerFactoryBean : Initialized JPA EntityManagerFactory for persistence unit 'default'
2021-10-31 19:37:49.987  INFO 15228 --- [main] o.h.h.i.QueryTranslatorFactoryInitiator  : HHH000397: Using ASTQueryTranslatorFactory
2021-10-31 19:37:50.971  INFO 15228 --- [main] o.s.s.concurrent.ThreadPoolTaskExecutor  : Initializing ExecutorService 'applicationTaskExecutor'
2021-10-31 19:37:51.042  WARN 15228 --- [main] aWebConfiguration$JpaWebMvcConfiguration : spring.jpa.open-in-view is enabled by default. Therefore, database queries may be performed during view rendering. Explicitly configure spring.jpa.open-in-view to disable this warning
2021-10-31 19:37:51.382  INFO 15228 --- [main] o.s.b.w.embedded.tomcat.TomcatWebServer  : Tomcat started on port(s): 8083 (http) with context path '/SpringMVC'
2021-10-31 19:37:51.382  INFO 15228 --- [main] SpringBootCoreDataJpaMvcRest1Application : Started TimesheetSpringBootCoreDataJpaMvcRest1Application in 7.354 seconds (JVM running for 8.35)
2021-10-31 19:38:28.411  INFO 5676 --- [main] t.e.spring.AddEntrepriseAndDepartements  : Starting AddEntrepriseAndDepartements on DESKTOP-CB7LIOS with PID 5676 (started by HP in C:\Products\sts-bundle\sts-3.8.4.RELEASE\Timesheet-spring-boot-core-data-jpa-mvc-REST-1)
2021-10-31 19:38:28.418  INFO 5676 --- [main] t.e.spring.AddEntrepriseAndDepartements  : No active profile set, falling back to default profiles: default
2021-10-31 19:38:29.586  INFO 5676 --- [main] .s.d.r.c.RepositoryConfigurationDelegate : Bootstrapping Spring Data repositories in DEFAULT mode.
2021-10-31 19:38:29.750  INFO 5676 --- [main] .s.d.r.c.RepositoryConfigurationDelegate : Finished Spring Data repository scanning in 156ms. Found 6 repository interfaces.
2021-10-31 19:38:30.545  INFO 5676 --- [main] trationDelegate$BeanPostProcessorChecker : Bean 'org.springframework.transaction.annotation.ProxyTransactionManagementConfiguration' of type [org.springframework.transaction.annotation.ProxyTransactionManagementConfiguration$$EnhancerBySpringCGLIB$$d311b372] is not eligible for getting processed by all BeanPostProcessors (for example: not eligible for auto-proxying)
2021-10-31 19:38:30.957  INFO 5676 --- [main] com.zaxxer.hikari.HikariDataSource       : HikariPool-1 - Starting...
2021-10-31 19:38:31.195  INFO 5676 --- [main] com.zaxxer.hikari.HikariDataSource       : HikariPool-1 - Start completed.
2021-10-31 19:38:31.390  INFO 5676 --- [main] o.hibernate.jpa.internal.util.LogHelper  : HHH000204: Processing PersistenceUnitInfo [
	name: default
	...]
2021-10-31 19:38:31.500  INFO 5676 --- [main] org.hibernate.Version                    : HHH000412: Hibernate Core {5.3.9.Final}
2021-10-31 19:38:31.500  INFO 5676 --- [main] org.hibernate.cfg.Environment            : HHH000206: hibernate.properties not found
2021-10-31 19:38:31.767  INFO 5676 --- [main] o.hibernate.annotations.common.Version   : HCANN000001: Hibernate Commons Annotations {5.0.4.Final}
2021-10-31 19:38:32.338  INFO 5676 --- [main] org.hibernate.dialect.Dialect            : HHH000400: Using dialect: org.hibernate.dialect.MySQL5Dialect
2021-10-31 19:38:33.596  INFO 5676 --- [main] j.LocalContainerEntityManagerFactoryBean : Initialized JPA EntityManagerFactory for persistence unit 'default'
2021-10-31 19:38:34.127  INFO 5676 --- [main] o.h.h.i.QueryTranslatorFactoryInitiator  : HHH000397: Using ASTQueryTranslatorFactory
2021-10-31 19:38:35.642  INFO 5676 --- [main] o.s.s.concurrent.ThreadPoolTaskExecutor  : Initializing ExecutorService 'applicationTaskExecutor'
2021-10-31 19:38:35.762  WARN 5676 --- [main] aWebConfiguration$JpaWebMvcConfiguration : spring.jpa.open-in-view is enabled by default. Therefore, database queries may be performed during view rendering. Explicitly configure spring.jpa.open-in-view to disable this warning
2021-10-31 19:38:36.717  INFO 5676 --- [main] t.e.spring.AddEntrepriseAndDepartements  : Started AddEntrepriseAndDepartements in 8.74 seconds (JVM running for 10.509)
2021-10-31 19:38:37.277  INFO 5676 --- [main] t.e.spring.AddEntrepriseAndDepartements  : RH
2021-10-31 19:38:37.277  INFO 5676 --- [main] t.e.spring.AddEntrepriseAndDepartements  : Telecom
2021-10-31 19:38:37.277  INFO 5676 --- [main] t.e.spring.AddEntrepriseAndDepartements  : RH
2021-10-31 19:38:37.277  INFO 5676 --- [main] t.e.spring.AddEntrepriseAndDepartements  : Telecom
2021-10-31 19:38:37.308  INFO 5676 --- [Thread-2] o.s.s.concurrent.ThreadPoolTaskExecutor  : Shutting down ExecutorService 'applicationTaskExecutor'
2021-10-31 19:38:37.324  INFO 5676 --- [Thread-2] j.LocalContainerEntityManagerFactoryBean : Closing JPA EntityManagerFactory for persistence unit 'default'
2021-10-31 19:38:37.324  INFO 5676 --- [Thread-2] com.zaxxer.hikari.HikariDataSource       : HikariPool-1 - Shutdown initiated...
2021-10-31 19:38:37.418  INFO 5676 --- [Thread-2] com.zaxxer.hikari.HikariDataSource       : HikariPool-1 - Shutdown completed.
2021-10-31 19:39:06.946  INFO 13328 --- [main] t.esprit.spring.ManageEmployeAndContrat  : Starting ManageEmployeAndContrat on DESKTOP-CB7LIOS with PID 13328 (started by HP in C:\Products\sts-bundle\sts-3.8.4.RELEASE\Timesheet-spring-boot-core-data-jpa-mvc-REST-1)
2021-10-31 19:39:06.946  INFO 13328 --- [main] t.esprit.spring.ManageEmployeAndContrat  : No active profile set, falling back to default profiles: default
2021-10-31 19:39:08.133  INFO 13328 --- [main] .s.d.r.c.RepositoryConfigurationDelegate : Bootstrapping Spring Data repositories in DEFAULT mode.
2021-10-31 19:39:08.283  INFO 13328 --- [main] .s.d.r.c.RepositoryConfigurationDelegate : Finished Spring Data repository scanning in 141ms. Found 6 repository interfaces.
2021-10-31 19:39:08.931  INFO 13328 --- [main] trationDelegate$BeanPostProcessorChecker : Bean 'org.springframework.transaction.annotation.ProxyTransactionManagementConfiguration' of type [org.springframework.transaction.annotation.ProxyTransactionManagementConfiguration$$EnhancerBySpringCGLIB$$8b327c1] is not eligible for getting processed by all BeanPostProcessors (for example: not eligible for auto-proxying)
2021-10-31 19:39:09.260  INFO 13328 --- [main] com.zaxxer.hikari.HikariDataSource       : HikariPool-1 - Starting...
2021-10-31 19:39:09.487  INFO 13328 --- [main] com.zaxxer.hikari.HikariDataSource       : HikariPool-1 - Start completed.
2021-10-31 19:39:09.597  INFO 13328 --- [main] o.hibernate.jpa.internal.util.LogHelper  : HHH000204: Processing PersistenceUnitInfo [
	name: default
	...]
2021-10-31 19:39:09.800  INFO 13328 --- [main] org.hibernate.Version                    : HHH000412: Hibernate Core {5.3.9.Final}
2021-10-31 19:39:09.800  INFO 13328 --- [main] org.hibernate.cfg.Environment            : HHH000206: hibernate.properties not found
2021-10-31 19:39:10.034  INFO 13328 --- [main] o.hibernate.annotations.common.Version   : HCANN000001: Hibernate Commons Annotations {5.0.4.Final}
2021-10-31 19:39:10.574  INFO 13328 --- [main] org.hibernate.dialect.Dialect            : HHH000400: Using dialect: org.hibernate.dialect.MySQL5Dialect
2021-10-31 19:39:11.806  INFO 13328 --- [main] j.LocalContainerEntityManagerFactoryBean : Initialized JPA EntityManagerFactory for persistence unit 'default'
2021-10-31 19:39:12.337  INFO 13328 --- [main] o.h.h.i.QueryTranslatorFactoryInitiator  : HHH000397: Using ASTQueryTranslatorFactory
2021-10-31 19:39:13.705  INFO 13328 --- [main] o.s.s.concurrent.ThreadPoolTaskExecutor  : Initializing ExecutorService 'applicationTaskExecutor'
2021-10-31 19:39:13.841  WARN 13328 --- [main] aWebConfiguration$JpaWebMvcConfiguration : spring.jpa.open-in-view is enabled by default. Therefore, database queries may be performed during view rendering. Explicitly configure spring.jpa.open-in-view to disable this warning
2021-10-31 19:39:14.715  INFO 13328 --- [main] t.esprit.spring.ManageEmployeAndContrat  : Started ManageEmployeAndContrat in 8.206 seconds (JVM running for 9.378)
2021-10-31 19:39:15.233  INFO 13328 --- [main] t.esprit.spring.ManageEmployeAndContrat  : aymen
2021-10-31 19:39:15.327  INFO 13328 --- [main] t.esprit.spring.ManageEmployeAndContrat  : Le salaire de l'employe dont l'id est : 3 est : 2000.0
2021-10-31 19:39:15.342  INFO 13328 --- [main] t.esprit.spring.ManageEmployeAndContrat  : *****zitouni
2021-10-31 19:39:15.342  INFO 13328 --- [main] t.esprit.spring.ManageEmployeAndContrat  : *****arbi
2021-10-31 19:39:15.342  INFO 13328 --- [main] t.esprit.spring.ManageEmployeAndContrat  : *****kallel
2021-10-31 19:39:15.342  INFO 13328 --- [main] t.esprit.spring.ManageEmployeAndContrat  : *****bouzid
2021-10-31 19:39:15.342  INFO 13328 --- [main] t.esprit.spring.ManageEmployeAndContrat  : Salaire Moyen By Departement1700.0
2021-10-31 19:39:15.358  INFO 13328 --- [Thread-2] o.s.s.concurrent.ThreadPoolTaskExecutor  : Shutting down ExecutorService 'applicationTaskExecutor'
2021-10-31 19:39:15.389  INFO 13328 --- [Thread-2] j.LocalContainerEntityManagerFactoryBean : Closing JPA EntityManagerFactory for persistence unit 'default'
2021-10-31 19:39:15.389  INFO 13328 --- [Thread-2] com.zaxxer.hikari.HikariDataSource       : HikariPool-1 - Shutdown initiated...
2021-10-31 19:39:15.405  INFO 13328 --- [Thread-2] com.zaxxer.hikari.HikariDataSource       : HikariPool-1 - Shutdown completed.
2021-10-31 19:41:45.995  INFO 14968 --- [main] t.esprit.spring.ManageEmployeAndContrat  : Starting ManageEmployeAndContrat on DESKTOP-CB7LIOS with PID 14968 (started by HP in C:\Products\sts-bundle\sts-3.8.4.RELEASE\Timesheet-spring-boot-core-data-jpa-mvc-REST-1)
2021-10-31 19:41:45.995  INFO 14968 --- [main] t.esprit.spring.ManageEmployeAndContrat  : No active profile set, falling back to default profiles: default
2021-10-31 19:41:47.051  INFO 14968 --- [main] .s.d.r.c.RepositoryConfigurationDelegate : Bootstrapping Spring Data repositories in DEFAULT mode.
2021-10-31 19:41:47.213  INFO 14968 --- [main] .s.d.r.c.RepositoryConfigurationDelegate : Finished Spring Data repository scanning in 156ms. Found 6 repository interfaces.
2021-10-31 19:41:47.803  INFO 14968 --- [main] trationDelegate$BeanPostProcessorChecker : Bean 'org.springframework.transaction.annotation.ProxyTransactionManagementConfiguration' of type [org.springframework.transaction.annotation.ProxyTransactionManagementConfiguration$$EnhancerBySpringCGLIB$$7e2387fa] is not eligible for getting processed by all BeanPostProcessors (for example: not eligible for auto-proxying)
2021-10-31 19:41:48.147  INFO 14968 --- [main] com.zaxxer.hikari.HikariDataSource       : HikariPool-1 - Starting...
2021-10-31 19:41:48.394  INFO 14968 --- [main] com.zaxxer.hikari.HikariDataSource       : HikariPool-1 - Start completed.
2021-10-31 19:41:48.597  INFO 14968 --- [main] o.hibernate.jpa.internal.util.LogHelper  : HHH000204: Processing PersistenceUnitInfo [
	name: default
	...]
2021-10-31 19:41:48.707  INFO 14968 --- [main] org.hibernate.Version                    : HHH000412: Hibernate Core {5.3.9.Final}
2021-10-31 19:41:48.707  INFO 14968 --- [main] org.hibernate.cfg.Environment            : HHH000206: hibernate.properties not found
2021-10-31 19:41:48.925  INFO 14968 --- [main] o.hibernate.annotations.common.Version   : HCANN000001: Hibernate Commons Annotations {5.0.4.Final}
2021-10-31 19:41:49.457  INFO 14968 --- [main] org.hibernate.dialect.Dialect            : HHH000400: Using dialect: org.hibernate.dialect.MySQL5Dialect
2021-10-31 19:41:50.693  INFO 14968 --- [main] j.LocalContainerEntityManagerFactoryBean : Initialized JPA EntityManagerFactory for persistence unit 'default'
2021-10-31 19:41:51.316  INFO 14968 --- [main] o.h.h.i.QueryTranslatorFactoryInitiator  : HHH000397: Using ASTQueryTranslatorFactory
2021-10-31 19:41:52.747  INFO 14968 --- [main] o.s.s.concurrent.ThreadPoolTaskExecutor  : Initializing ExecutorService 'applicationTaskExecutor'
2021-10-31 19:41:52.838  WARN 14968 --- [main] aWebConfiguration$JpaWebMvcConfiguration : spring.jpa.open-in-view is enabled by default. Therefore, database queries may be performed during view rendering. Explicitly configure spring.jpa.open-in-view to disable this warning
2021-10-31 19:41:53.694  INFO 14968 --- [main] t.esprit.spring.ManageEmployeAndContrat  : Started ManageEmployeAndContrat in 8.145 seconds (JVM running for 9.246)
2021-10-31 19:41:54.394  INFO 14968 --- [main] t.esprit.spring.ManageEmployeAndContrat  : aymen
2021-10-31 19:41:54.488  INFO 14968 --- [main] t.esprit.spring.ManageEmployeAndContrat  : Le salaire de l'employe dont l'id est : 8 est : 2000.0
2021-10-31 19:41:54.503  INFO 14968 --- [main] t.esprit.spring.ManageEmployeAndContrat  : *****zitouni
2021-10-31 19:41:54.503  INFO 14968 --- [main] t.esprit.spring.ManageEmployeAndContrat  : *****arbi
2021-10-31 19:41:54.503  INFO 14968 --- [main] t.esprit.spring.ManageEmployeAndContrat  : *****kallel
2021-10-31 19:41:54.503  INFO 14968 --- [main] t.esprit.spring.ManageEmployeAndContrat  : *****zitouni
2021-10-31 19:41:54.503  INFO 14968 --- [main] t.esprit.spring.ManageEmployeAndContrat  : *****arbi
2021-10-31 19:41:54.503  INFO 14968 --- [main] t.esprit.spring.ManageEmployeAndContrat  : *****kallel
2021-10-31 19:41:54.503  INFO 14968 --- [main] t.esprit.spring.ManageEmployeAndContrat  : *****bouzid
2021-10-31 19:41:54.503  INFO 14968 --- [main] t.esprit.spring.ManageEmployeAndContrat  : *****bouzid
2021-10-31 19:41:54.503  INFO 14968 --- [main] t.esprit.spring.ManageEmployeAndContrat  : Salaire Moyen By Departement1700.0
2021-10-31 19:41:54.535  INFO 14968 --- [Thread-2] o.s.s.concurrent.ThreadPoolTaskExecutor  : Shutting down ExecutorService 'applicationTaskExecutor'
2021-10-31 19:41:54.535  INFO 14968 --- [Thread-2] j.LocalContainerEntityManagerFactoryBean : Closing JPA EntityManagerFactory for persistence unit 'default'
2021-10-31 19:41:54.550  INFO 14968 --- [Thread-2] com.zaxxer.hikari.HikariDataSource       : HikariPool-1 - Shutdown initiated...
2021-10-31 19:41:54.566  INFO 14968 --- [Thread-2] com.zaxxer.hikari.HikariDataSource       : HikariPool-1 - Shutdown completed.
2021-10-31 19:42:07.512  INFO 3700 --- [main] tn.esprit.spring.ManageTimesheet         : Starting ManageTimesheet on DESKTOP-CB7LIOS with PID 3700 (started by HP in C:\Products\sts-bundle\sts-3.8.4.RELEASE\Timesheet-spring-boot-core-data-jpa-mvc-REST-1)
2021-10-31 19:42:07.512  INFO 3700 --- [main] tn.esprit.spring.ManageTimesheet         : No active profile set, falling back to default profiles: default
2021-10-31 19:42:08.750  INFO 3700 --- [main] .s.d.r.c.RepositoryConfigurationDelegate : Bootstrapping Spring Data repositories in DEFAULT mode.
2021-10-31 19:42:08.905  INFO 3700 --- [main] .s.d.r.c.RepositoryConfigurationDelegate : Finished Spring Data repository scanning in 140ms. Found 6 repository interfaces.
2021-10-31 19:42:09.530  INFO 3700 --- [main] trationDelegate$BeanPostProcessorChecker : Bean 'org.springframework.transaction.annotation.ProxyTransactionManagementConfiguration' of type [org.springframework.transaction.annotation.ProxyTransactionManagementConfiguration$$EnhancerBySpringCGLIB$$d24a560f] is not eligible for getting processed by all BeanPostProcessors (for example: not eligible for auto-proxying)
2021-10-31 19:42:09.843  INFO 3700 --- [main] com.zaxxer.hikari.HikariDataSource       : HikariPool-1 - Starting...
2021-10-31 19:42:10.028  INFO 3700 --- [main] com.zaxxer.hikari.HikariDataSource       : HikariPool-1 - Start completed.
2021-10-31 19:42:10.138  INFO 3700 --- [main] o.hibernate.jpa.internal.util.LogHelper  : HHH000204: Processing PersistenceUnitInfo [
	name: default
	...]
2021-10-31 19:42:10.311  INFO 3700 --- [main] org.hibernate.Version                    : HHH000412: Hibernate Core {5.3.9.Final}
2021-10-31 19:42:10.327  INFO 3700 --- [main] org.hibernate.cfg.Environment            : HHH000206: hibernate.properties not found
2021-10-31 19:42:10.552  INFO 3700 --- [main] o.hibernate.annotations.common.Version   : HCANN000001: Hibernate Commons Annotations {5.0.4.Final}
2021-10-31 19:42:11.069  INFO 3700 --- [main] org.hibernate.dialect.Dialect            : HHH000400: Using dialect: org.hibernate.dialect.MySQL5Dialect
2021-10-31 19:42:12.327  INFO 3700 --- [main] j.LocalContainerEntityManagerFactoryBean : Initialized JPA EntityManagerFactory for persistence unit 'default'
2021-10-31 19:42:12.898  INFO 3700 --- [main] o.h.h.i.QueryTranslatorFactoryInitiator  : HHH000397: Using ASTQueryTranslatorFactory
2021-10-31 19:42:14.581  INFO 3700 --- [main] o.s.s.concurrent.ThreadPoolTaskExecutor  : Initializing ExecutorService 'applicationTaskExecutor'
2021-10-31 19:42:14.687  WARN 3700 --- [main] aWebConfiguration$JpaWebMvcConfiguration : spring.jpa.open-in-view is enabled by default. Therefore, database queries may be performed during view rendering. Explicitly configure spring.jpa.open-in-view to disable this warning
2021-10-31 19:42:15.570  INFO 3700 --- [main] tn.esprit.spring.ManageTimesheet         : Started ManageTimesheet in 8.495 seconds (JVM running for 9.612)
2021-10-31 19:42:16.292  INFO 3700 --- [main] tn.esprit.spring.ManageTimesheet         : Mission de Aymen :
2021-10-31 19:42:16.292  INFO 3700 --- [main] tn.esprit.spring.ManageTimesheet         : Mise en place du 4G pour l’entreprise Orange
2021-10-31 19:42:16.308  INFO 3700 --- [main] tn.esprit.spring.ManageTimesheet         : Mission de Khaled :
2021-10-31 19:42:16.308  INFO 3700 --- [main] tn.esprit.spring.ManageTimesheet         : Dev d'un nouveau outil de vente
2021-10-31 19:42:16.308  INFO 3700 --- [main] tn.esprit.spring.ManageTimesheet         : Maintenance du SIRH interne
2021-10-31 19:42:16.308  INFO 3700 --- [main] tn.esprit.spring.ManageTimesheet         : Mission de Mohamed :
2021-10-31 19:42:16.308  INFO 3700 --- [main] tn.esprit.spring.ManageTimesheet         : Mise en place du 4G pour l’entreprise Orange
2021-10-31 19:42:16.324  INFO 3700 --- [main] tn.esprit.spring.ManageTimesheet         : Maintenance du SIRH interne
2021-10-31 19:42:16.324  INFO 3700 --- [Thread-2] o.s.s.concurrent.ThreadPoolTaskExecutor  : Shutting down ExecutorService 'applicationTaskExecutor'
2021-10-31 19:42:16.339  INFO 3700 --- [Thread-2] j.LocalContainerEntityManagerFactoryBean : Closing JPA EntityManagerFactory for persistence unit 'default'
2021-10-31 19:42:16.339  INFO 3700 --- [Thread-2] com.zaxxer.hikari.HikariDataSource       : HikariPool-1 - Shutdown initiated...
2021-10-31 19:42:16.370  INFO 3700 --- [Thread-2] com.zaxxer.hikari.HikariDataSource       : HikariPool-1 - Shutdown completed.
2021-10-31 19:46:03.069  INFO 3168 --- [main] gBootCoreDataJpaMvcRest1ApplicationTests : Starting TimesheetSpringBootCoreDataJpaMvcRest1ApplicationTests on DESKTOP-CB7LIOS with PID 3168 (started by HP in C:\Products\sts-bundle\sts-3.8.4.RELEASE\Timesheet-spring-boot-core-data-jpa-mvc-REST-1)
2021-10-31 19:46:03.069  INFO 3168 --- [main] gBootCoreDataJpaMvcRest1ApplicationTests : No active profile set, falling back to default profiles: default
2021-10-31 19:46:04.182  INFO 3168 --- [main] .s.d.r.c.RepositoryConfigurationDelegate : Bootstrapping Spring Data repositories in DEFAULT mode.
2021-10-31 19:46:04.350  INFO 3168 --- [main] .s.d.r.c.RepositoryConfigurationDelegate : Finished Spring Data repository scanning in 157ms. Found 6 repository interfaces.
2021-10-31 19:46:04.936  INFO 3168 --- [main] trationDelegate$BeanPostProcessorChecker : Bean 'org.springframework.transaction.annotation.ProxyTransactionManagementConfiguration' of type [org.springframework.transaction.annotation.ProxyTransactionManagementConfiguration$$EnhancerBySpringCGLIB$$2330cc7f] is not eligible for getting processed by all BeanPostProcessors (for example: not eligible for auto-proxying)
2021-10-31 19:46:05.295  INFO 3168 --- [main] com.zaxxer.hikari.HikariDataSource       : HikariPool-1 - Starting...
2021-10-31 19:46:05.519  INFO 3168 --- [main] com.zaxxer.hikari.HikariDataSource       : HikariPool-1 - Start completed.
2021-10-31 19:46:05.644  INFO 3168 --- [main] o.hibernate.jpa.internal.util.LogHelper  : HHH000204: Processing PersistenceUnitInfo [
	name: default
	...]
2021-10-31 19:46:05.831  INFO 3168 --- [main] org.hibernate.Version                    : HHH000412: Hibernate Core {5.3.9.Final}
2021-10-31 19:46:05.831  INFO 3168 --- [main] org.hibernate.cfg.Environment            : HHH000206: hibernate.properties not found
2021-10-31 19:46:06.003  INFO 3168 --- [main] o.hibernate.annotations.common.Version   : HCANN000001: Hibernate Commons Annotations {5.0.4.Final}
2021-10-31 19:46:06.535  INFO 3168 --- [main] org.hibernate.dialect.Dialect            : HHH000400: Using dialect: org.hibernate.dialect.MySQL5Dialect
2021-10-31 19:46:07.832  INFO 3168 --- [main] j.LocalContainerEntityManagerFactoryBean : Initialized JPA EntityManagerFactory for persistence unit 'default'
2021-10-31 19:46:08.300  INFO 3168 --- [main] o.h.h.i.QueryTranslatorFactoryInitiator  : HHH000397: Using ASTQueryTranslatorFactory
2021-10-31 19:46:09.660  INFO 3168 --- [main] o.s.s.concurrent.ThreadPoolTaskExecutor  : Initializing ExecutorService 'applicationTaskExecutor'
2021-10-31 19:46:09.793  WARN 3168 --- [main] aWebConfiguration$JpaWebMvcConfiguration : spring.jpa.open-in-view is enabled by default. Therefore, database queries may be performed during view rendering. Explicitly configure spring.jpa.open-in-view to disable this warning
2021-10-31 19:46:10.641  INFO 3168 --- [main] gBootCoreDataJpaMvcRest1ApplicationTests : Started TimesheetSpringBootCoreDataJpaMvcRest1ApplicationTests in 8.033 seconds (JVM running for 9.055)
2021-10-31 19:46:10.766  INFO 3168 --- [Thread-2] o.s.s.concurrent.ThreadPoolTaskExecutor  : Shutting down ExecutorService 'applicationTaskExecutor'
2021-10-31 19:46:10.772  INFO 3168 --- [Thread-2] j.LocalContainerEntityManagerFactoryBean : Closing JPA EntityManagerFactory for persistence unit 'default'
2021-10-31 19:46:10.787  INFO 3168 --- [Thread-2] com.zaxxer.hikari.HikariDataSource       : HikariPool-1 - Shutdown initiated...
2021-10-31 19:46:10.803  INFO 3168 --- [Thread-2] com.zaxxer.hikari.HikariDataSource       : HikariPool-1 - Shutdown completed.
2021-10-31 20:33:58.561  INFO 7128 --- [main] t.esprit.spring.ManageEmployeAndContrat  : Starting ManageEmployeAndContrat on DESKTOP-CB7LIOS with PID 7128 (started by HP in C:\Products\sts-bundle\sts-3.8.4.RELEASE\Timesheet-spring-boot-core-data-jpa-mvc-REST-1)
2021-10-31 20:33:58.565  INFO 7128 --- [main] t.esprit.spring.ManageEmployeAndContrat  : No active profile set, falling back to default profiles: default
2021-10-31 20:33:59.871  INFO 7128 --- [main] .s.d.r.c.RepositoryConfigurationDelegate : Bootstrapping Spring Data repositories in DEFAULT mode.
2021-10-31 20:34:00.060  INFO 7128 --- [main] .s.d.r.c.RepositoryConfigurationDelegate : Finished Spring Data repository scanning in 176ms. Found 6 repository interfaces.
2021-10-31 20:34:00.775  INFO 7128 --- [main] trationDelegate$BeanPostProcessorChecker : Bean 'org.springframework.transaction.annotation.ProxyTransactionManagementConfiguration' of type [org.springframework.transaction.annotation.ProxyTransactionManagementConfiguration$$EnhancerBySpringCGLIB$$271b29a4] is not eligible for getting processed by all BeanPostProcessors (for example: not eligible for auto-proxying)
2021-10-31 20:34:01.192  INFO 7128 --- [main] com.zaxxer.hikari.HikariDataSource       : HikariPool-1 - Starting...
2021-10-31 20:34:01.458  INFO 7128 --- [main] com.zaxxer.hikari.HikariDataSource       : HikariPool-1 - Start completed.
2021-10-31 20:34:01.727  INFO 7128 --- [main] o.hibernate.jpa.internal.util.LogHelper  : HHH000204: Processing PersistenceUnitInfo [
	name: default
	...]
2021-10-31 20:34:01.819  INFO 7128 --- [main] org.hibernate.Version                    : HHH000412: Hibernate Core {5.3.9.Final}
2021-10-31 20:34:01.839  INFO 7128 --- [main] org.hibernate.cfg.Environment            : HHH000206: hibernate.properties not found
2021-10-31 20:34:02.154  INFO 7128 --- [main] o.hibernate.annotations.common.Version   : HCANN000001: Hibernate Commons Annotations {5.0.4.Final}
2021-10-31 20:34:02.772  INFO 7128 --- [main] org.hibernate.dialect.Dialect            : HHH000400: Using dialect: org.hibernate.dialect.MySQL5Dialect
2021-10-31 20:34:04.603  INFO 7128 --- [main] j.LocalContainerEntityManagerFactoryBean : Initialized JPA EntityManagerFactory for persistence unit 'default'
2021-10-31 20:34:05.148  INFO 7128 --- [main] o.h.h.i.QueryTranslatorFactoryInitiator  : HHH000397: Using ASTQueryTranslatorFactory
2021-10-31 20:34:06.748  INFO 7128 --- [main] o.s.s.concurrent.ThreadPoolTaskExecutor  : Initializing ExecutorService 'applicationTaskExecutor'
2021-10-31 20:34:06.883  WARN 7128 --- [main] aWebConfiguration$JpaWebMvcConfiguration : spring.jpa.open-in-view is enabled by default. Therefore, database queries may be performed during view rendering. Explicitly configure spring.jpa.open-in-view to disable this warning
2021-10-31 20:34:07.846  INFO 7128 --- [main] t.esprit.spring.ManageEmployeAndContrat  : Started ManageEmployeAndContrat in 9.796 seconds (JVM running for 11.367)
2021-10-31 20:34:08.736  INFO 7128 --- [main] t.esprit.spring.ManageEmployeAndContrat  : hamza
2021-10-31 20:34:08.866  INFO 7128 --- [main] t.esprit.spring.ManageEmployeAndContrat  : Le salaire de l'employe dont l'id est : 12 est : 2600.0
2021-10-31 20:34:08.895  INFO 7128 --- [main] t.esprit.spring.ManageEmployeAndContrat  : *****kallel
2021-10-31 20:34:08.895  INFO 7128 --- [main] t.esprit.spring.ManageEmployeAndContrat  : *****arbi
2021-10-31 20:34:08.895  INFO 7128 --- [main] t.esprit.spring.ManageEmployeAndContrat  : *****zitouni
2021-10-31 20:34:08.895  INFO 7128 --- [main] t.esprit.spring.ManageEmployeAndContrat  : *****kallel
2021-10-31 20:34:08.895  INFO 7128 --- [main] t.esprit.spring.ManageEmployeAndContrat  : *****arbi
2021-10-31 20:34:08.895  INFO 7128 --- [main] t.esprit.spring.ManageEmployeAndContrat  : *****zitouni
2021-10-31 20:34:08.895  INFO 7128 --- [main] t.esprit.spring.ManageEmployeAndContrat  : *****gharbi
2021-10-31 20:34:08.895  INFO 7128 --- [main] t.esprit.spring.ManageEmployeAndContrat  : *****khemir
2021-10-31 20:34:08.895  INFO 7128 --- [main] t.esprit.spring.ManageEmployeAndContrat  : *****zouaghi
2021-10-31 20:34:08.895  INFO 7128 --- [main] t.esprit.spring.ManageEmployeAndContrat  : *****bouzid
2021-10-31 20:34:08.895  INFO 7128 --- [main] t.esprit.spring.ManageEmployeAndContrat  : *****bouzid
2021-10-31 20:34:08.895  INFO 7128 --- [main] t.esprit.spring.ManageEmployeAndContrat  : *****benhamouda
2021-10-31 20:34:08.895  INFO 7128 --- [main] t.esprit.spring.ManageEmployeAndContrat  : Salaire Moyen By Departement1850.0
2021-10-31 20:34:08.931  INFO 7128 --- [Thread-2] o.s.s.concurrent.ThreadPoolTaskExecutor  : Shutting down ExecutorService 'applicationTaskExecutor'
2021-10-31 20:34:08.934  INFO 7128 --- [Thread-2] j.LocalContainerEntityManagerFactoryBean : Closing JPA EntityManagerFactory for persistence unit 'default'
2021-10-31 20:34:08.943  INFO 7128 --- [Thread-2] com.zaxxer.hikari.HikariDataSource       : HikariPool-1 - Shutdown initiated...
2021-10-31 20:34:08.966  INFO 7128 --- [Thread-2] com.zaxxer.hikari.HikariDataSource       : HikariPool-1 - Shutdown completed.
2021-10-31 20:36:26.195  INFO 14788 --- [main] t.esprit.spring.ManageEmployeAndContrat  : Starting ManageEmployeAndContrat on DESKTOP-CB7LIOS with PID 14788 (started by HP in C:\Products\sts-bundle\sts-3.8.4.RELEASE\Timesheet-spring-boot-core-data-jpa-mvc-REST-1)
2021-10-31 20:36:26.195  INFO 14788 --- [main] t.esprit.spring.ManageEmployeAndContrat  : No active profile set, falling back to default profiles: default
2021-10-31 20:36:27.403  INFO 14788 --- [main] .s.d.r.c.RepositoryConfigurationDelegate : Bootstrapping Spring Data repositories in DEFAULT mode.
2021-10-31 20:36:27.628  INFO 14788 --- [main] .s.d.r.c.RepositoryConfigurationDelegate : Finished Spring Data repository scanning in 192ms. Found 6 repository interfaces.
2021-10-31 20:36:28.369  INFO 14788 --- [main] trationDelegate$BeanPostProcessorChecker : Bean 'org.springframework.transaction.annotation.ProxyTransactionManagementConfiguration' of type [org.springframework.transaction.annotation.ProxyTransactionManagementConfiguration$$EnhancerBySpringCGLIB$$7e2387fa] is not eligible for getting processed by all BeanPostProcessors (for example: not eligible for auto-proxying)
2021-10-31 20:36:28.861  INFO 14788 --- [main] com.zaxxer.hikari.HikariDataSource       : HikariPool-1 - Starting...
2021-10-31 20:36:29.172  INFO 14788 --- [main] com.zaxxer.hikari.HikariDataSource       : HikariPool-1 - Start completed.
2021-10-31 20:36:29.587  INFO 14788 --- [main] o.hibernate.jpa.internal.util.LogHelper  : HHH000204: Processing PersistenceUnitInfo [
	name: default
	...]
2021-10-31 20:36:29.705  INFO 14788 --- [main] org.hibernate.Version                    : HHH000412: Hibernate Core {5.3.9.Final}
2021-10-31 20:36:29.714  INFO 14788 --- [main] org.hibernate.cfg.Environment            : HHH000206: hibernate.properties not found
2021-10-31 20:36:30.027  INFO 14788 --- [main] o.hibernate.annotations.common.Version   : HCANN000001: Hibernate Commons Annotations {5.0.4.Final}
2021-10-31 20:36:30.731  INFO 14788 --- [main] org.hibernate.dialect.Dialect            : HHH000400: Using dialect: org.hibernate.dialect.MySQL5Dialect
2021-10-31 20:36:32.977  INFO 14788 --- [main] j.LocalContainerEntityManagerFactoryBean : Initialized JPA EntityManagerFactory for persistence unit 'default'
2021-10-31 20:36:33.577  INFO 14788 --- [main] o.h.h.i.QueryTranslatorFactoryInitiator  : HHH000397: Using ASTQueryTranslatorFactory
2021-10-31 20:36:35.259  INFO 14788 --- [main] o.s.s.concurrent.ThreadPoolTaskExecutor  : Initializing ExecutorService 'applicationTaskExecutor'
2021-10-31 20:36:35.392  WARN 14788 --- [main] aWebConfiguration$JpaWebMvcConfiguration : spring.jpa.open-in-view is enabled by default. Therefore, database queries may be performed during view rendering. Explicitly configure spring.jpa.open-in-view to disable this warning
2021-10-31 20:36:36.315  INFO 14788 --- [main] t.esprit.spring.ManageEmployeAndContrat  : Started ManageEmployeAndContrat in 10.644 seconds (JVM running for 12.405)
2021-10-31 20:36:37.143  INFO 14788 --- [main] t.esprit.spring.ManageEmployeAndContrat  : hamza
2021-10-31 20:36:37.280  INFO 14788 --- [main] t.esprit.spring.ManageEmployeAndContrat  : Le salaire de l'employe dont l'id est : 17 est : 2600.0
2021-10-31 20:36:37.311  INFO 14788 --- [main] t.esprit.spring.ManageEmployeAndContrat  : *****gharbi
2021-10-31 20:36:37.311  INFO 14788 --- [main] t.esprit.spring.ManageEmployeAndContrat  : *****kallel
2021-10-31 20:36:37.311  INFO 14788 --- [main] t.esprit.spring.ManageEmployeAndContrat  : *****arbi
2021-10-31 20:36:37.311  INFO 14788 --- [main] t.esprit.spring.ManageEmployeAndContrat  : *****zitouni
2021-10-31 20:36:37.311  INFO 14788 --- [main] t.esprit.spring.ManageEmployeAndContrat  : *****kallel
2021-10-31 20:36:37.311  INFO 14788 --- [main] t.esprit.spring.ManageEmployeAndContrat  : *****arbi
2021-10-31 20:36:37.311  INFO 14788 --- [main] t.esprit.spring.ManageEmployeAndContrat  : *****zitouni
2021-10-31 20:36:37.311  INFO 14788 --- [main] t.esprit.spring.ManageEmployeAndContrat  : *****gharbi
2021-10-31 20:36:37.311  INFO 14788 --- [main] t.esprit.spring.ManageEmployeAndContrat  : *****khemir
2021-10-31 20:36:37.311  INFO 14788 --- [main] t.esprit.spring.ManageEmployeAndContrat  : *****khemir
2021-10-31 20:36:37.311  INFO 14788 --- [main] t.esprit.spring.ManageEmployeAndContrat  : *****zouaghi
2021-10-31 20:36:37.311  INFO 14788 --- [main] t.esprit.spring.ManageEmployeAndContrat  : *****zouaghi
2021-10-31 20:36:37.311  INFO 14788 --- [main] t.esprit.spring.ManageEmployeAndContrat  : *****bouzid
2021-10-31 20:36:37.311  INFO 14788 --- [main] t.esprit.spring.ManageEmployeAndContrat  : *****bouzid
2021-10-31 20:36:37.311  INFO 14788 --- [main] t.esprit.spring.ManageEmployeAndContrat  : *****benhamouda
2021-10-31 20:36:37.311  INFO 14788 --- [main] t.esprit.spring.ManageEmployeAndContrat  : *****benhamouda
2021-10-31 20:36:37.328  INFO 14788 --- [main] t.esprit.spring.ManageEmployeAndContrat  : Salaire Moyen By Departement1940.0
2021-10-31 20:36:37.348  INFO 14788 --- [Thread-2] o.s.s.concurrent.ThreadPoolTaskExecutor  : Shutting down ExecutorService 'applicationTaskExecutor'
2021-10-31 20:36:37.364  INFO 14788 --- [Thread-2] j.LocalContainerEntityManagerFactoryBean : Closing JPA EntityManagerFactory for persistence unit 'default'
2021-10-31 20:36:37.365  INFO 14788 --- [Thread-2] com.zaxxer.hikari.HikariDataSource       : HikariPool-1 - Shutdown initiated...
2021-10-31 20:36:37.384  INFO 14788 --- [Thread-2] com.zaxxer.hikari.HikariDataSource       : HikariPool-1 - Shutdown completed.
2021-10-31 20:45:10.330  INFO 1884 --- [main] tn.esprit.spring.ManageTimesheet         : Starting ManageTimesheet on DESKTOP-CB7LIOS with PID 1884 (started by HP in C:\Products\sts-bundle\sts-3.8.4.RELEASE\Timesheet-spring-boot-core-data-jpa-mvc-REST-1)
2021-10-31 20:45:10.335  INFO 1884 --- [main] tn.esprit.spring.ManageTimesheet         : No active profile set, falling back to default profiles: default
2021-10-31 20:45:11.660  INFO 1884 --- [main] .s.d.r.c.RepositoryConfigurationDelegate : Bootstrapping Spring Data repositories in DEFAULT mode.
2021-10-31 20:45:11.858  INFO 1884 --- [main] .s.d.r.c.RepositoryConfigurationDelegate : Finished Spring Data repository scanning in 177ms. Found 6 repository interfaces.
2021-10-31 20:45:12.623  INFO 1884 --- [main] trationDelegate$BeanPostProcessorChecker : Bean 'org.springframework.transaction.annotation.ProxyTransactionManagementConfiguration' of type [org.springframework.transaction.annotation.ProxyTransactionManagementConfiguration$$EnhancerBySpringCGLIB$$6867e3e5] is not eligible for getting processed by all BeanPostProcessors (for example: not eligible for auto-proxying)
2021-10-31 20:45:13.069  INFO 1884 --- [main] com.zaxxer.hikari.HikariDataSource       : HikariPool-1 - Starting...
2021-10-31 20:45:13.396  INFO 1884 --- [main] com.zaxxer.hikari.HikariDataSource       : HikariPool-1 - Start completed.
2021-10-31 20:45:13.651  INFO 1884 --- [main] o.hibernate.jpa.internal.util.LogHelper  : HHH000204: Processing PersistenceUnitInfo [
	name: default
	...]
2021-10-31 20:45:13.796  INFO 1884 --- [main] org.hibernate.Version                    : HHH000412: Hibernate Core {5.3.9.Final}
2021-10-31 20:45:13.801  INFO 1884 --- [main] org.hibernate.cfg.Environment            : HHH000206: hibernate.properties not found
2021-10-31 20:45:14.119  INFO 1884 --- [main] o.hibernate.annotations.common.Version   : HCANN000001: Hibernate Commons Annotations {5.0.4.Final}
2021-10-31 20:45:14.826  INFO 1884 --- [main] org.hibernate.dialect.Dialect            : HHH000400: Using dialect: org.hibernate.dialect.MySQL5Dialect
2021-10-31 20:45:16.556  INFO 1884 --- [main] j.LocalContainerEntityManagerFactoryBean : Initialized JPA EntityManagerFactory for persistence unit 'default'
2021-10-31 20:45:17.171  INFO 1884 --- [main] o.h.h.i.QueryTranslatorFactoryInitiator  : HHH000397: Using ASTQueryTranslatorFactory
2021-10-31 20:45:18.717  INFO 1884 --- [main] o.s.s.concurrent.ThreadPoolTaskExecutor  : Initializing ExecutorService 'applicationTaskExecutor'
2021-10-31 20:45:18.836  WARN 1884 --- [main] aWebConfiguration$JpaWebMvcConfiguration : spring.jpa.open-in-view is enabled by default. Therefore, database queries may be performed during view rendering. Explicitly configure spring.jpa.open-in-view to disable this warning
2021-10-31 20:45:19.727  INFO 1884 --- [main] tn.esprit.spring.ManageTimesheet         : Started ManageTimesheet in 9.92 seconds (JVM running for 11.313)
2021-10-31 20:45:20.393  INFO 1884 --- [main] tn.esprit.spring.ManageTimesheet         : Mission de Amal :
2021-10-31 20:45:20.394  INFO 1884 --- [main] tn.esprit.spring.ManageTimesheet         : Mise en place du 4G pour l’entreprise Orange
2021-10-31 20:45:20.395  INFO 1884 --- [main] tn.esprit.spring.ManageTimesheet         : Mise en place du 4G pour l’entreprise Orange
2021-10-31 20:45:20.396  INFO 1884 --- [main] tn.esprit.spring.ManageTimesheet         : Mission de Khaled :
2021-10-31 20:45:20.396  INFO 1884 --- [main] tn.esprit.spring.ManageTimesheet         : Dev d'un nouveau outil de vente
2021-10-31 20:45:20.405  INFO 1884 --- [main] tn.esprit.spring.ManageTimesheet         : Maintenance du SIRH interne
2021-10-31 20:45:20.405  INFO 1884 --- [main] tn.esprit.spring.ManageTimesheet         : Dev d'un nouveau outil de vente
2021-10-31 20:45:20.405  INFO 1884 --- [main] tn.esprit.spring.ManageTimesheet         : Maintenance du SIRH interne
2021-10-31 20:45:20.415  INFO 1884 --- [main] tn.esprit.spring.ManageTimesheet         : Mission de Mohamed :
2021-10-31 20:45:20.415  INFO 1884 --- [main] tn.esprit.spring.ManageTimesheet         : Mise en place du 4G pour l’entreprise Orange
2021-10-31 20:45:20.415  INFO 1884 --- [main] tn.esprit.spring.ManageTimesheet         : Maintenance du SIRH interne
2021-10-31 20:45:20.415  INFO 1884 --- [main] tn.esprit.spring.ManageTimesheet         : Mise en place du 4G pour l’entreprise Orange
2021-10-31 20:45:20.415  INFO 1884 --- [main] tn.esprit.spring.ManageTimesheet         : Maintenance du SIRH interne
2021-10-31 20:45:20.431  INFO 1884 --- [Thread-2] o.s.s.concurrent.ThreadPoolTaskExecutor  : Shutting down ExecutorService 'applicationTaskExecutor'
2021-10-31 20:45:20.431  INFO 1884 --- [Thread-2] j.LocalContainerEntityManagerFactoryBean : Closing JPA EntityManagerFactory for persistence unit 'default'
2021-10-31 20:45:20.431  INFO 1884 --- [Thread-2] com.zaxxer.hikari.HikariDataSource       : HikariPool-1 - Shutdown initiated...
2021-10-31 20:45:20.478  INFO 1884 --- [Thread-2] com.zaxxer.hikari.HikariDataSource       : HikariPool-1 - Shutdown completed.
2021-10-31 21:04:24.539  INFO 11752 --- [main] SpringBootCoreDataJpaMvcRest1Application : Starting TimesheetSpringBootCoreDataJpaMvcRest1Application on DESKTOP-CB7LIOS with PID 11752 (C:\Products\sts-bundle\sts-3.8.4.RELEASE\Timesheet-spring-boot-core-data-jpa-mvc-REST-1\src\main\webapp\WEB-INF\classes started by HP in C:\Products\sts-bundle\sts-3.8.4.RELEASE\Timesheet-spring-boot-core-data-jpa-mvc-REST-1)
2021-10-31 21:04:24.541  INFO 11752 --- [main] SpringBootCoreDataJpaMvcRest1Application : No active profile set, falling back to default profiles: default
2021-10-31 21:04:26.007  INFO 11752 --- [main] .s.d.r.c.RepositoryConfigurationDelegate : Bootstrapping Spring Data repositories in DEFAULT mode.
2021-10-31 21:04:26.198  INFO 11752 --- [main] .s.d.r.c.RepositoryConfigurationDelegate : Finished Spring Data repository scanning in 173ms. Found 6 repository interfaces.
2021-10-31 21:04:26.839  INFO 11752 --- [main] trationDelegate$BeanPostProcessorChecker : Bean 'org.springframework.transaction.annotation.ProxyTransactionManagementConfiguration' of type [org.springframework.transaction.annotation.ProxyTransactionManagementConfiguration$$EnhancerBySpringCGLIB$$e1371cb] is not eligible for getting processed by all BeanPostProcessors (for example: not eligible for auto-proxying)
2021-10-31 21:04:27.386  INFO 11752 --- [main] o.s.b.w.embedded.tomcat.TomcatWebServer  : Tomcat initialized with port(s): 8083 (http)
2021-10-31 21:04:27.420  INFO 11752 --- [main] o.apache.catalina.core.StandardService   : Starting service [Tomcat]
2021-10-31 21:04:27.426  INFO 11752 --- [main] org.apache.catalina.core.StandardEngine  : Starting Servlet engine: [Apache Tomcat/9.0.17]
2021-10-31 21:04:27.761  INFO 11752 --- [main] o.a.c.c.C.[.[localhost].[/SpringMVC]     : Initializing Spring embedded WebApplicationContext
2021-10-31 21:04:27.761  INFO 11752 --- [main] o.s.web.context.ContextLoader            : Root WebApplicationContext: initialization completed in 3066 ms
2021-10-31 21:04:28.054  INFO 11752 --- [main] com.zaxxer.hikari.HikariDataSource       : HikariPool-1 - Starting...
2021-10-31 21:04:28.302  INFO 11752 --- [main] com.zaxxer.hikari.HikariDataSource       : HikariPool-1 - Start completed.
2021-10-31 21:04:28.442  INFO 11752 --- [main] o.hibernate.jpa.internal.util.LogHelper  : HHH000204: Processing PersistenceUnitInfo [
	name: default
	...]
2021-10-31 21:04:28.574  INFO 11752 --- [main] org.hibernate.Version                    : HHH000412: Hibernate Core {5.3.9.Final}
2021-10-31 21:04:28.579  INFO 11752 --- [main] org.hibernate.cfg.Environment            : HHH000206: hibernate.properties not found
2021-10-31 21:04:28.825  INFO 11752 --- [main] o.hibernate.annotations.common.Version   : HCANN000001: Hibernate Commons Annotations {5.0.4.Final}
2021-10-31 21:04:29.114  INFO 11752 --- [main] org.hibernate.dialect.Dialect            : HHH000400: Using dialect: org.hibernate.dialect.MySQL5Dialect
2021-10-31 21:04:30.872  INFO 11752 --- [main] j.LocalContainerEntityManagerFactoryBean : Initialized JPA EntityManagerFactory for persistence unit 'default'
2021-10-31 21:04:31.462  INFO 11752 --- [main] o.h.h.i.QueryTranslatorFactoryInitiator  : HHH000397: Using ASTQueryTranslatorFactory
2021-10-31 21:04:32.510  INFO 11752 --- [main] o.s.s.concurrent.ThreadPoolTaskExecutor  : Initializing ExecutorService 'applicationTaskExecutor'
2021-10-31 21:04:32.615  WARN 11752 --- [main] aWebConfiguration$JpaWebMvcConfiguration : spring.jpa.open-in-view is enabled by default. Therefore, database queries may be performed during view rendering. Explicitly configure spring.jpa.open-in-view to disable this warning
2021-10-31 21:04:32.983 ERROR 11752 --- [main] org.apache.catalina.util.LifecycleBase   : Failed to start component [Connector[HTTP/1.1-8083]]

org.apache.catalina.LifecycleException: Protocol handler start failed
	at org.apache.catalina.connector.Connector.startInternal(Connector.java:1008) ~[tomcat-embed-core-9.0.17.jar:9.0.17]
	at org.apache.catalina.util.LifecycleBase.start(LifecycleBase.java:183) ~[tomcat-embed-core-9.0.17.jar:9.0.17]
	at org.apache.catalina.core.StandardService.addConnector(StandardService.java:226) [tomcat-embed-core-9.0.17.jar:9.0.17]
	at org.springframework.boot.web.embedded.tomcat.TomcatWebServer.addPreviouslyRemovedConnectors(TomcatWebServer.java:259) [spring-boot-2.1.4.RELEASE.jar:2.1.4.RELEASE]
	at org.springframework.boot.web.embedded.tomcat.TomcatWebServer.start(TomcatWebServer.java:197) [spring-boot-2.1.4.RELEASE.jar:2.1.4.RELEASE]
	at org.springframework.boot.web.servlet.context.ServletWebServerApplicationContext.startWebServer(ServletWebServerApplicationContext.java:311) [spring-boot-2.1.4.RELEASE.jar:2.1.4.RELEASE]
	at org.springframework.boot.web.servlet.context.ServletWebServerApplicationContext.finishRefresh(ServletWebServerApplicationContext.java:164) [spring-boot-2.1.4.RELEASE.jar:2.1.4.RELEASE]
	at org.springframework.context.support.AbstractApplicationContext.refresh(AbstractApplicationContext.java:552) [spring-context-5.1.6.RELEASE.jar:5.1.6.RELEASE]
	at org.springframework.boot.web.servlet.context.ServletWebServerApplicationContext.refresh(ServletWebServerApplicationContext.java:142) [spring-boot-2.1.4.RELEASE.jar:2.1.4.RELEASE]
	at org.springframework.boot.SpringApplication.refresh(SpringApplication.java:775) [spring-boot-2.1.4.RELEASE.jar:2.1.4.RELEASE]
	at org.springframework.boot.SpringApplication.refreshContext(SpringApplication.java:397) [spring-boot-2.1.4.RELEASE.jar:2.1.4.RELEASE]
	at org.springframework.boot.SpringApplication.run(SpringApplication.java:316) [spring-boot-2.1.4.RELEASE.jar:2.1.4.RELEASE]
	at org.springframework.boot.SpringApplication.run(SpringApplication.java:1260) [spring-boot-2.1.4.RELEASE.jar:2.1.4.RELEASE]
	at org.springframework.boot.SpringApplication.run(SpringApplication.java:1248) [spring-boot-2.1.4.RELEASE.jar:2.1.4.RELEASE]
	at tn.esprit.spring.TimesheetSpringBootCoreDataJpaMvcRest1Application.main(TimesheetSpringBootCoreDataJpaMvcRest1Application.java:10) [classes/:na]
Caused by: java.net.BindException: Address already in use: bind
	at sun.nio.ch.Net.bind0(Native Method) ~[na:1.8.0_60]
	at sun.nio.ch.Net.bind(Net.java:433) ~[na:1.8.0_60]
	at sun.nio.ch.Net.bind(Net.java:425) ~[na:1.8.0_60]
	at sun.nio.ch.ServerSocketChannelImpl.bind(ServerSocketChannelImpl.java:223) ~[na:1.8.0_60]
	at sun.nio.ch.ServerSocketAdaptor.bind(ServerSocketAdaptor.java:74) ~[na:1.8.0_60]
	at org.apache.tomcat.util.net.NioEndpoint.initServerSocket(NioEndpoint.java:236) ~[tomcat-embed-core-9.0.17.jar:9.0.17]
	at org.apache.tomcat.util.net.NioEndpoint.bind(NioEndpoint.java:210) ~[tomcat-embed-core-9.0.17.jar:9.0.17]
	at org.apache.tomcat.util.net.AbstractEndpoint.bindWithCleanup(AbstractEndpoint.java:1103) ~[tomcat-embed-core-9.0.17.jar:9.0.17]
	at org.apache.tomcat.util.net.AbstractEndpoint.start(AbstractEndpoint.java:1189) ~[tomcat-embed-core-9.0.17.jar:9.0.17]
	at org.apache.coyote.AbstractProtocol.start(AbstractProtocol.java:568) ~[tomcat-embed-core-9.0.17.jar:9.0.17]
	at org.apache.catalina.connector.Connector.startInternal(Connector.java:1005) ~[tomcat-embed-core-9.0.17.jar:9.0.17]
	... 14 common frames omitted

2021-10-31 21:04:33.000  INFO 11752 --- [main] o.apache.catalina.core.StandardService   : Stopping service [Tomcat]
2021-10-31 21:04:33.024  INFO 11752 --- [main] ConditionEvaluationReportLoggingListener : 

Error starting ApplicationContext. To display the conditions report re-run your application with 'debug' enabled.
2021-10-31 21:04:33.027 ERROR 11752 --- [main] o.s.b.d.LoggingFailureAnalysisReporter   : 

***************************
APPLICATION FAILED TO START
***************************

Description:

The Tomcat connector configured to listen on port 8083 failed to start. The port may already be in use or the connector may be misconfigured.

Action:

Verify the connector's configuration, identify and stop any process that's listening on port 8083, or configure this application to listen on another port.

2021-10-31 21:04:33.035  INFO 11752 --- [main] o.s.s.concurrent.ThreadPoolTaskExecutor  : Shutting down ExecutorService 'applicationTaskExecutor'
2021-10-31 21:04:33.038  INFO 11752 --- [main] j.LocalContainerEntityManagerFactoryBean : Closing JPA EntityManagerFactory for persistence unit 'default'
2021-10-31 21:04:33.041  INFO 11752 --- [main] com.zaxxer.hikari.HikariDataSource       : HikariPool-1 - Shutdown initiated...
2021-10-31 21:04:33.064  INFO 11752 --- [main] com.zaxxer.hikari.HikariDataSource       : HikariPool-1 - Shutdown completed.
2021-10-31 21:06:54.806  INFO 12092 --- [main] SpringBootCoreDataJpaMvcRest1Application : Starting TimesheetSpringBootCoreDataJpaMvcRest1Application on DESKTOP-CB7LIOS with PID 12092 (C:\Products\sts-bundle\sts-3.8.4.RELEASE\Timesheet-spring-boot-core-data-jpa-mvc-REST-1\src\main\webapp\WEB-INF\classes started by HP in C:\Products\sts-bundle\sts-3.8.4.RELEASE\Timesheet-spring-boot-core-data-jpa-mvc-REST-1)
2021-10-31 21:06:54.806  INFO 12092 --- [main] SpringBootCoreDataJpaMvcRest1Application : No active profile set, falling back to default profiles: default
2021-10-31 21:06:56.177  INFO 12092 --- [main] .s.d.r.c.RepositoryConfigurationDelegate : Bootstrapping Spring Data repositories in DEFAULT mode.
2021-10-31 21:06:56.323  INFO 12092 --- [main] .s.d.r.c.RepositoryConfigurationDelegate : Finished Spring Data repository scanning in 136ms. Found 6 repository interfaces.
2021-10-31 21:06:56.963  INFO 12092 --- [main] trationDelegate$BeanPostProcessorChecker : Bean 'org.springframework.transaction.annotation.ProxyTransactionManagementConfiguration' of type [org.springframework.transaction.annotation.ProxyTransactionManagementConfiguration$$EnhancerBySpringCGLIB$$b5d38628] is not eligible for getting processed by all BeanPostProcessors (for example: not eligible for auto-proxying)
2021-10-31 21:06:57.520  INFO 12092 --- [main] o.s.b.w.embedded.tomcat.TomcatWebServer  : Tomcat initialized with port(s): 8084 (http)
2021-10-31 21:06:57.562  INFO 12092 --- [main] o.apache.catalina.core.StandardService   : Starting service [Tomcat]
2021-10-31 21:06:57.563  INFO 12092 --- [main] org.apache.catalina.core.StandardEngine  : Starting Servlet engine: [Apache Tomcat/9.0.17]
2021-10-31 21:06:57.860  INFO 12092 --- [main] o.a.c.c.C.[.[localhost].[/SpringMVC]     : Initializing Spring embedded WebApplicationContext
2021-10-31 21:06:57.860  INFO 12092 --- [main] o.s.web.context.ContextLoader            : Root WebApplicationContext: initialization completed in 2862 ms
2021-10-31 21:06:58.142  INFO 12092 --- [main] com.zaxxer.hikari.HikariDataSource       : HikariPool-1 - Starting...
2021-10-31 21:06:58.408  INFO 12092 --- [main] com.zaxxer.hikari.HikariDataSource       : HikariPool-1 - Start completed.
2021-10-31 21:06:58.515  INFO 12092 --- [main] o.hibernate.jpa.internal.util.LogHelper  : HHH000204: Processing PersistenceUnitInfo [
	name: default
	...]
2021-10-31 21:06:58.651  INFO 12092 --- [main] org.hibernate.Version                    : HHH000412: Hibernate Core {5.3.9.Final}
2021-10-31 21:06:58.667  INFO 12092 --- [main] org.hibernate.cfg.Environment            : HHH000206: hibernate.properties not found
2021-10-31 21:06:58.910  INFO 12092 --- [main] o.hibernate.annotations.common.Version   : HCANN000001: Hibernate Commons Annotations {5.0.4.Final}
2021-10-31 21:06:59.166  INFO 12092 --- [main] org.hibernate.dialect.Dialect            : HHH000400: Using dialect: org.hibernate.dialect.MySQL5Dialect
2021-10-31 21:07:00.695  INFO 12092 --- [main] j.LocalContainerEntityManagerFactoryBean : Initialized JPA EntityManagerFactory for persistence unit 'default'
2021-10-31 21:07:01.251  INFO 12092 --- [main] o.h.h.i.QueryTranslatorFactoryInitiator  : HHH000397: Using ASTQueryTranslatorFactory
2021-10-31 21:07:02.308  INFO 12092 --- [main] o.s.s.concurrent.ThreadPoolTaskExecutor  : Initializing ExecutorService 'applicationTaskExecutor'
2021-10-31 21:07:02.407  WARN 12092 --- [main] aWebConfiguration$JpaWebMvcConfiguration : spring.jpa.open-in-view is enabled by default. Therefore, database queries may be performed during view rendering. Explicitly configure spring.jpa.open-in-view to disable this warning
2021-10-31 21:07:02.789  INFO 12092 --- [main] o.s.b.w.embedded.tomcat.TomcatWebServer  : Tomcat started on port(s): 8084 (http) with context path '/SpringMVC'
2021-10-31 21:07:02.796  INFO 12092 --- [main] SpringBootCoreDataJpaMvcRest1Application : Started TimesheetSpringBootCoreDataJpaMvcRest1Application in 8.699 seconds (JVM running for 9.893)
2021-10-31 22:08:01.006  INFO 692 --- [main] SpringBootCoreDataJpaMvcRest1Application : Starting TimesheetSpringBootCoreDataJpaMvcRest1Application on DESKTOP-CB7LIOS with PID 692 (C:\timesheet\src\main\webapp\WEB-INF\classes started by HP in C:\timesheet)
2021-10-31 22:08:01.041  INFO 692 --- [main] SpringBootCoreDataJpaMvcRest1Application : No active profile set, falling back to default profiles: default
2021-10-31 22:08:02.868  INFO 692 --- [main] .s.d.r.c.RepositoryConfigurationDelegate : Bootstrapping Spring Data repositories in DEFAULT mode.
2021-10-31 22:08:03.032  INFO 692 --- [main] .s.d.r.c.RepositoryConfigurationDelegate : Finished Spring Data repository scanning in 151ms. Found 6 repository interfaces.
2021-10-31 22:08:03.643  INFO 692 --- [main] trationDelegate$BeanPostProcessorChecker : Bean 'org.springframework.transaction.annotation.ProxyTransactionManagementConfiguration' of type [org.springframework.transaction.annotation.ProxyTransactionManagementConfiguration$$EnhancerBySpringCGLIB$$d1664e8] is not eligible for getting processed by all BeanPostProcessors (for example: not eligible for auto-proxying)
2021-10-31 22:08:04.187  INFO 692 --- [main] o.s.b.w.embedded.tomcat.TomcatWebServer  : Tomcat initialized with port(s): 8084 (http)
2021-10-31 22:08:04.225  INFO 692 --- [main] o.apache.catalina.core.StandardService   : Starting service [Tomcat]
2021-10-31 22:08:04.231  INFO 692 --- [main] org.apache.catalina.core.StandardEngine  : Starting Servlet engine: [Apache Tomcat/9.0.17]
2021-10-31 22:08:04.547  INFO 692 --- [main] o.a.c.c.C.[.[localhost].[/SpringMVC]     : Initializing Spring embedded WebApplicationContext
2021-10-31 22:08:04.548  INFO 692 --- [main] o.s.web.context.ContextLoader            : Root WebApplicationContext: initialization completed in 3222 ms
2021-10-31 22:08:04.813  INFO 692 --- [main] com.zaxxer.hikari.HikariDataSource       : HikariPool-1 - Starting...
2021-10-31 22:08:05.056  INFO 692 --- [main] com.zaxxer.hikari.HikariDataSource       : HikariPool-1 - Start completed.
2021-10-31 22:08:05.175  INFO 692 --- [main] o.hibernate.jpa.internal.util.LogHelper  : HHH000204: Processing PersistenceUnitInfo [
	name: default
	...]
2021-10-31 22:08:05.314  INFO 692 --- [main] org.hibernate.Version                    : HHH000412: Hibernate Core {5.3.9.Final}
2021-10-31 22:08:05.316  INFO 692 --- [main] org.hibernate.cfg.Environment            : HHH000206: hibernate.properties not found
2021-10-31 22:08:05.532  INFO 692 --- [main] o.hibernate.annotations.common.Version   : HCANN000001: Hibernate Commons Annotations {5.0.4.Final}
2021-10-31 22:08:05.808  INFO 692 --- [main] org.hibernate.dialect.Dialect            : HHH000400: Using dialect: org.hibernate.dialect.MySQL5Dialect
2021-10-31 22:08:07.492  INFO 692 --- [main] j.LocalContainerEntityManagerFactoryBean : Initialized JPA EntityManagerFactory for persistence unit 'default'
2021-10-31 22:08:08.214  INFO 692 --- [main] o.h.h.i.QueryTranslatorFactoryInitiator  : HHH000397: Using ASTQueryTranslatorFactory
2021-10-31 22:08:09.373  INFO 692 --- [main] o.s.s.concurrent.ThreadPoolTaskExecutor  : Initializing ExecutorService 'applicationTaskExecutor'
2021-10-31 22:08:09.498  WARN 692 --- [main] aWebConfiguration$JpaWebMvcConfiguration : spring.jpa.open-in-view is enabled by default. Therefore, database queries may be performed during view rendering. Explicitly configure spring.jpa.open-in-view to disable this warning
2021-10-31 22:08:10.080  INFO 692 --- [main] o.s.b.w.embedded.tomcat.TomcatWebServer  : Tomcat started on port(s): 8084 (http) with context path '/SpringMVC'
2021-10-31 22:08:10.083  INFO 692 --- [main] SpringBootCoreDataJpaMvcRest1Application : Started TimesheetSpringBootCoreDataJpaMvcRest1Application in 9.726 seconds (JVM running for 10.793)
2021-10-31 22:09:46.162  INFO 10476 --- [main] SpringBootCoreDataJpaMvcRest1Application : Starting TimesheetSpringBootCoreDataJpaMvcRest1Application on DESKTOP-CB7LIOS with PID 10476 (C:\timesheet\src\main\webapp\WEB-INF\classes started by HP in C:\timesheet)
2021-10-31 22:09:46.171  INFO 10476 --- [main] SpringBootCoreDataJpaMvcRest1Application : No active profile set, falling back to default profiles: default
2021-10-31 22:09:47.435  INFO 10476 --- [main] .s.d.r.c.RepositoryConfigurationDelegate : Bootstrapping Spring Data repositories in DEFAULT mode.
2021-10-31 22:09:47.614  INFO 10476 --- [main] .s.d.r.c.RepositoryConfigurationDelegate : Finished Spring Data repository scanning in 161ms. Found 6 repository interfaces.
2021-10-31 22:09:48.228  INFO 10476 --- [main] trationDelegate$BeanPostProcessorChecker : Bean 'org.springframework.transaction.annotation.ProxyTransactionManagementConfiguration' of type [org.springframework.transaction.annotation.ProxyTransactionManagementConfiguration$$EnhancerBySpringCGLIB$$f76bcc45] is not eligible for getting processed by all BeanPostProcessors (for example: not eligible for auto-proxying)
2021-10-31 22:09:48.795  INFO 10476 --- [main] o.s.b.w.embedded.tomcat.TomcatWebServer  : Tomcat initialized with port(s): 8084 (http)
2021-10-31 22:09:48.830  INFO 10476 --- [main] o.apache.catalina.core.StandardService   : Starting service [Tomcat]
2021-10-31 22:09:48.831  INFO 10476 --- [main] org.apache.catalina.core.StandardEngine  : Starting Servlet engine: [Apache Tomcat/9.0.17]
2021-10-31 22:09:49.114  INFO 10476 --- [main] o.a.c.c.C.[.[localhost].[/SpringMVC]     : Initializing Spring embedded WebApplicationContext
2021-10-31 22:09:49.114  INFO 10476 --- [main] o.s.web.context.ContextLoader            : Root WebApplicationContext: initialization completed in 2798 ms
2021-10-31 22:09:49.400  INFO 10476 --- [main] com.zaxxer.hikari.HikariDataSource       : HikariPool-1 - Starting...
2021-10-31 22:09:49.598  INFO 10476 --- [main] com.zaxxer.hikari.HikariDataSource       : HikariPool-1 - Start completed.
2021-10-31 22:09:49.701  INFO 10476 --- [main] o.hibernate.jpa.internal.util.LogHelper  : HHH000204: Processing PersistenceUnitInfo [
	name: default
	...]
2021-10-31 22:09:49.855  INFO 10476 --- [main] org.hibernate.Version                    : HHH000412: Hibernate Core {5.3.9.Final}
2021-10-31 22:09:49.860  INFO 10476 --- [main] org.hibernate.cfg.Environment            : HHH000206: hibernate.properties not found
2021-10-31 22:09:50.114  INFO 10476 --- [main] o.hibernate.annotations.common.Version   : HCANN000001: Hibernate Commons Annotations {5.0.4.Final}
2021-10-31 22:09:50.454  INFO 10476 --- [main] org.hibernate.dialect.Dialect            : HHH000400: Using dialect: org.hibernate.dialect.MySQL5Dialect
2021-10-31 22:09:52.066  INFO 10476 --- [main] j.LocalContainerEntityManagerFactoryBean : Initialized JPA EntityManagerFactory for persistence unit 'default'
2021-10-31 22:09:52.640  INFO 10476 --- [main] o.h.h.i.QueryTranslatorFactoryInitiator  : HHH000397: Using ASTQueryTranslatorFactory
2021-10-31 22:09:53.666  INFO 10476 --- [main] o.s.s.concurrent.ThreadPoolTaskExecutor  : Initializing ExecutorService 'applicationTaskExecutor'
2021-10-31 22:09:53.761  WARN 10476 --- [main] aWebConfiguration$JpaWebMvcConfiguration : spring.jpa.open-in-view is enabled by default. Therefore, database queries may be performed during view rendering. Explicitly configure spring.jpa.open-in-view to disable this warning
2021-10-31 22:09:54.109 ERROR 10476 --- [main] org.apache.catalina.util.LifecycleBase   : Failed to start component [Connector[HTTP/1.1-8084]]

org.apache.catalina.LifecycleException: Protocol handler start failed
	at org.apache.catalina.connector.Connector.startInternal(Connector.java:1008) ~[tomcat-embed-core-9.0.17.jar:9.0.17]
	at org.apache.catalina.util.LifecycleBase.start(LifecycleBase.java:183) ~[tomcat-embed-core-9.0.17.jar:9.0.17]
	at org.apache.catalina.core.StandardService.addConnector(StandardService.java:226) [tomcat-embed-core-9.0.17.jar:9.0.17]
	at org.springframework.boot.web.embedded.tomcat.TomcatWebServer.addPreviouslyRemovedConnectors(TomcatWebServer.java:259) [spring-boot-2.1.4.RELEASE.jar:2.1.4.RELEASE]
	at org.springframework.boot.web.embedded.tomcat.TomcatWebServer.start(TomcatWebServer.java:197) [spring-boot-2.1.4.RELEASE.jar:2.1.4.RELEASE]
	at org.springframework.boot.web.servlet.context.ServletWebServerApplicationContext.startWebServer(ServletWebServerApplicationContext.java:311) [spring-boot-2.1.4.RELEASE.jar:2.1.4.RELEASE]
	at org.springframework.boot.web.servlet.context.ServletWebServerApplicationContext.finishRefresh(ServletWebServerApplicationContext.java:164) [spring-boot-2.1.4.RELEASE.jar:2.1.4.RELEASE]
	at org.springframework.context.support.AbstractApplicationContext.refresh(AbstractApplicationContext.java:552) [spring-context-5.1.6.RELEASE.jar:5.1.6.RELEASE]
	at org.springframework.boot.web.servlet.context.ServletWebServerApplicationContext.refresh(ServletWebServerApplicationContext.java:142) [spring-boot-2.1.4.RELEASE.jar:2.1.4.RELEASE]
	at org.springframework.boot.SpringApplication.refresh(SpringApplication.java:775) [spring-boot-2.1.4.RELEASE.jar:2.1.4.RELEASE]
	at org.springframework.boot.SpringApplication.refreshContext(SpringApplication.java:397) [spring-boot-2.1.4.RELEASE.jar:2.1.4.RELEASE]
	at org.springframework.boot.SpringApplication.run(SpringApplication.java:316) [spring-boot-2.1.4.RELEASE.jar:2.1.4.RELEASE]
	at org.springframework.boot.SpringApplication.run(SpringApplication.java:1260) [spring-boot-2.1.4.RELEASE.jar:2.1.4.RELEASE]
	at org.springframework.boot.SpringApplication.run(SpringApplication.java:1248) [spring-boot-2.1.4.RELEASE.jar:2.1.4.RELEASE]
	at tn.esprit.spring.TimesheetSpringBootCoreDataJpaMvcRest1Application.main(TimesheetSpringBootCoreDataJpaMvcRest1Application.java:10) [classes/:na]
Caused by: java.net.BindException: Address already in use: bind
	at sun.nio.ch.Net.bind0(Native Method) ~[na:1.8.0_60]
	at sun.nio.ch.Net.bind(Net.java:433) ~[na:1.8.0_60]
	at sun.nio.ch.Net.bind(Net.java:425) ~[na:1.8.0_60]
	at sun.nio.ch.ServerSocketChannelImpl.bind(ServerSocketChannelImpl.java:223) ~[na:1.8.0_60]
	at sun.nio.ch.ServerSocketAdaptor.bind(ServerSocketAdaptor.java:74) ~[na:1.8.0_60]
	at org.apache.tomcat.util.net.NioEndpoint.initServerSocket(NioEndpoint.java:236) ~[tomcat-embed-core-9.0.17.jar:9.0.17]
	at org.apache.tomcat.util.net.NioEndpoint.bind(NioEndpoint.java:210) ~[tomcat-embed-core-9.0.17.jar:9.0.17]
	at org.apache.tomcat.util.net.AbstractEndpoint.bindWithCleanup(AbstractEndpoint.java:1103) ~[tomcat-embed-core-9.0.17.jar:9.0.17]
	at org.apache.tomcat.util.net.AbstractEndpoint.start(AbstractEndpoint.java:1189) ~[tomcat-embed-core-9.0.17.jar:9.0.17]
	at org.apache.coyote.AbstractProtocol.start(AbstractProtocol.java:568) ~[tomcat-embed-core-9.0.17.jar:9.0.17]
	at org.apache.catalina.connector.Connector.startInternal(Connector.java:1005) ~[tomcat-embed-core-9.0.17.jar:9.0.17]
	... 14 common frames omitted

2021-10-31 22:09:54.119  INFO 10476 --- [main] o.apache.catalina.core.StandardService   : Stopping service [Tomcat]
2021-10-31 22:09:54.136  INFO 10476 --- [main] ConditionEvaluationReportLoggingListener : 

Error starting ApplicationContext. To display the conditions report re-run your application with 'debug' enabled.
2021-10-31 22:09:54.143 ERROR 10476 --- [main] o.s.b.d.LoggingFailureAnalysisReporter   : 

***************************
APPLICATION FAILED TO START
***************************

Description:

The Tomcat connector configured to listen on port 8084 failed to start. The port may already be in use or the connector may be misconfigured.

Action:

Verify the connector's configuration, identify and stop any process that's listening on port 8084, or configure this application to listen on another port.

2021-10-31 22:09:54.149  INFO 10476 --- [main] o.s.s.concurrent.ThreadPoolTaskExecutor  : Shutting down ExecutorService 'applicationTaskExecutor'
2021-10-31 22:09:54.152  INFO 10476 --- [main] j.LocalContainerEntityManagerFactoryBean : Closing JPA EntityManagerFactory for persistence unit 'default'
2021-10-31 22:09:54.156  INFO 10476 --- [main] com.zaxxer.hikari.HikariDataSource       : HikariPool-1 - Shutdown initiated...
2021-10-31 22:09:54.209  INFO 10476 --- [main] com.zaxxer.hikari.HikariDataSource       : HikariPool-1 - Shutdown completed.
2021-10-31 22:10:40.179  INFO 692 --- [RMI TCP Connection(2)-127.0.0.1] inMXBeanRegistrar$SpringApplicationAdmin : Application shutdown requested.
2021-10-31 22:10:40.184  INFO 692 --- [RMI TCP Connection(2)-127.0.0.1] o.s.s.concurrent.ThreadPoolTaskExecutor  : Shutting down ExecutorService 'applicationTaskExecutor'
2021-10-31 22:10:40.191  INFO 692 --- [RMI TCP Connection(2)-127.0.0.1] j.LocalContainerEntityManagerFactoryBean : Closing JPA EntityManagerFactory for persistence unit 'default'
2021-10-31 22:10:40.195  INFO 692 --- [RMI TCP Connection(2)-127.0.0.1] com.zaxxer.hikari.HikariDataSource       : HikariPool-1 - Shutdown initiated...
2021-10-31 22:10:40.207  INFO 692 --- [RMI TCP Connection(2)-127.0.0.1] com.zaxxer.hikari.HikariDataSource       : HikariPool-1 - Shutdown completed.
2021-10-31 22:13:24.506  INFO 11212 --- [main] SpringBootCoreDataJpaMvcRest1Application : Starting TimesheetSpringBootCoreDataJpaMvcRest1Application on DESKTOP-CB7LIOS with PID 11212 (C:\timesheet\src\main\webapp\WEB-INF\classes started by HP in C:\timesheet)
2021-10-31 22:13:24.515  INFO 11212 --- [main] SpringBootCoreDataJpaMvcRest1Application : No active profile set, falling back to default profiles: default
2021-10-31 22:13:27.681  INFO 11212 --- [main] .s.d.r.c.RepositoryConfigurationDelegate : Bootstrapping Spring Data repositories in DEFAULT mode.
2021-10-31 22:13:28.014  INFO 11212 --- [main] .s.d.r.c.RepositoryConfigurationDelegate : Finished Spring Data repository scanning in 306ms. Found 6 repository interfaces.
2021-10-31 22:13:28.962  INFO 11212 --- [main] trationDelegate$BeanPostProcessorChecker : Bean 'org.springframework.transaction.annotation.ProxyTransactionManagementConfiguration' of type [org.springframework.transaction.annotation.ProxyTransactionManagementConfiguration$$EnhancerBySpringCGLIB$$d1664e8] is not eligible for getting processed by all BeanPostProcessors (for example: not eligible for auto-proxying)
2021-10-31 22:13:29.649  INFO 11212 --- [main] o.s.b.w.embedded.tomcat.TomcatWebServer  : Tomcat initialized with port(s): 8084 (http)
2021-10-31 22:13:29.721  INFO 11212 --- [main] o.apache.catalina.core.StandardService   : Starting service [Tomcat]
2021-10-31 22:13:29.722  INFO 11212 --- [main] org.apache.catalina.core.StandardEngine  : Starting Servlet engine: [Apache Tomcat/9.0.17]
2021-10-31 22:13:30.219  INFO 11212 --- [main] o.a.c.c.C.[.[localhost].[/SpringMVC]     : Initializing Spring embedded WebApplicationContext
2021-10-31 22:13:30.220  INFO 11212 --- [main] o.s.web.context.ContextLoader            : Root WebApplicationContext: initialization completed in 5297 ms
2021-10-31 22:13:30.616  INFO 11212 --- [main] com.zaxxer.hikari.HikariDataSource       : HikariPool-1 - Starting...
2021-10-31 22:13:30.862  INFO 11212 --- [main] com.zaxxer.hikari.HikariDataSource       : HikariPool-1 - Start completed.
2021-10-31 22:13:30.972  INFO 11212 --- [main] o.hibernate.jpa.internal.util.LogHelper  : HHH000204: Processing PersistenceUnitInfo [
	name: default
	...]
2021-10-31 22:13:31.234  INFO 11212 --- [main] org.hibernate.Version                    : HHH000412: Hibernate Core {5.3.9.Final}
2021-10-31 22:13:31.281  INFO 11212 --- [main] org.hibernate.cfg.Environment            : HHH000206: hibernate.properties not found
2021-10-31 22:13:31.585  INFO 11212 --- [main] o.hibernate.annotations.common.Version   : HCANN000001: Hibernate Commons Annotations {5.0.4.Final}
2021-10-31 22:13:31.860  INFO 11212 --- [main] org.hibernate.dialect.Dialect            : HHH000400: Using dialect: org.hibernate.dialect.MySQL5Dialect
2021-10-31 22:13:33.466  INFO 11212 --- [main] j.LocalContainerEntityManagerFactoryBean : Initialized JPA EntityManagerFactory for persistence unit 'default'
2021-10-31 22:13:34.316  INFO 11212 --- [main] o.h.h.i.QueryTranslatorFactoryInitiator  : HHH000397: Using ASTQueryTranslatorFactory
2021-10-31 22:13:35.363  INFO 11212 --- [main] o.s.s.concurrent.ThreadPoolTaskExecutor  : Initializing ExecutorService 'applicationTaskExecutor'
2021-10-31 22:13:35.456  WARN 11212 --- [main] aWebConfiguration$JpaWebMvcConfiguration : spring.jpa.open-in-view is enabled by default. Therefore, database queries may be performed during view rendering. Explicitly configure spring.jpa.open-in-view to disable this warning
2021-10-31 22:13:35.885  INFO 11212 --- [main] o.s.b.w.embedded.tomcat.TomcatWebServer  : Tomcat started on port(s): 8084 (http) with context path '/SpringMVC'
2021-10-31 22:13:35.888  INFO 11212 --- [main] SpringBootCoreDataJpaMvcRest1Application : Started TimesheetSpringBootCoreDataJpaMvcRest1Application in 13.332 seconds (JVM running for 15.295)
